<?xml version="1.0" encoding="UTF-8"?>
<testng-results ignored="0" total="1" passed="1" failed="0" skipped="0">
  <reporter-output>
  </reporter-output>
  <suite started-at="2022-10-29T07:28:49 IST" name="Default Suite" finished-at="2022-10-29T07:29:11 IST" duration-ms="21860">
    <groups>
    </groups>
    <test started-at="2022-10-29T07:28:49 IST" name="Selenium_Basics" finished-at="2022-10-29T07:29:11 IST" duration-ms="21860">
      <class name="TestNg.LoginValidation">
        <test-method is-config="true" signature="Initialize()[pri:0, instance:TestNg.LoginValidation@2805c96b]" started-at="2022-10-29T07:28:49 IST" name="Initialize" finished-at="2022-10-29T07:29:04 IST" duration-ms="15185" status="PASS">
          <reporter-output>
          </reporter-output>
        </test-method> <!-- Initialize -->
        <test-method signature="Login()[pri:0, instance:TestNg.LoginValidation@2805c96b]" started-at="2022-10-29T07:29:04 IST" name="Login" finished-at="2022-10-29T07:29:10 IST" duration-ms="5455" status="PASS">
          <reporter-output>
          </reporter-output>
        </test-method> <!-- Login -->
        <test-method is-config="true" signature="Close()[pri:0, instance:TestNg.LoginValidation@2805c96b]" started-at="2022-10-29T07:29:10 IST" name="Close" finished-at="2022-10-29T07:29:11 IST" duration-ms="1115" status="PASS">
          <reporter-output>
          </reporter-output>
        </test-method> <!-- Close -->
      </class> <!-- TestNg.LoginValidation -->
    </test> <!-- Selenium_Basics -->
  </suite> <!-- Default Suite -->
</testng-results>
